[1215/114222.080:ERROR:process_memory_win.cc(73)] ReadMemory at 0x7ff6ceb50000 of 64 bytes failed: Only part of a ReadProcessMemory or WriteProcessMemory request was completed. (0x12B)
[1215/114222.313:WARNING:pe_image_reader.cc(340)] could not read dos header from C:\Program Files (x86)\Google\Chrome\Application\chrome.exe
[1215/114222.314:ERROR:process_memory_win.cc(73)] ReadMemory at 0x7ffa12a20000 of 64 bytes failed: Only part of a ReadProcessMemory or WriteProcessMemory request was completed. (0x12B)
[1215/114222.314:WARNING:pe_image_reader.cc(340)] could not read dos header from C:\WINDOWS\SYSTEM32\ntdll.dll
[1215/114222.314:ERROR:process_memory_win.cc(73)] ReadMemory at 0x7ffa113e0000 of 64 bytes failed: Only part of a ReadProcessMemory or WriteProcessMemory request was completed. (0x12B)
[1215/114222.314:WARNING:pe_image_reader.cc(340)] could not read dos header from C:\WINDOWS\System32\KERNEL32.DLL
[1215/114222.314:ERROR:process_memory_win.cc(73)] ReadMemory at 0x7ffa0fca0000 of 64 bytes failed: Only part of a ReadProcessMemory or WriteProcessMemory request was completed. (0x12B)
[1215/114222.314:WARNING:pe_image_reader.cc(340)] could not read dos header from C:\WINDOWS\System32\KERNELBASE.dll
[1215/114222.314:ERROR:process_memory_win.cc(73)] ReadMemory at 0x7ff9f8d20000 of 64 bytes failed: Only part of a ReadProcessMemory or WriteProcessMemory request was completed. (0x12B)
[1215/114222.314:WARNING:pe_image_reader.cc(340)] could not read dos header from C:\Program Files (x86)\Google\Chrome\Application\78.0.3904.108\chrome_elf.dll
[1215/114222.314:ERROR:process_memory_win.cc(73)] ReadMemory at 0x7ffa0a450000 of 64 bytes failed: Only part of a ReadProcessMemory or WriteProcessMemory request was completed. (0x12B)
[1215/114222.314:WARNING:pe_image_reader.cc(340)] could not read dos header from C:\WINDOWS\SYSTEM32\VERSION.dll
[1215/114222.315:ERROR:process_memory_win.cc(73)] ReadMemory at 0x7ffa11260000 of 64 bytes failed: Only part of a ReadProcessMemory or WriteProcessMemory request was completed. (0x12B)
[1215/114222.315:WARNING:pe_image_reader.cc(340)] could not read dos header from C:\WINDOWS\System32\msvcrt.dll
[1215/114222.315:ERROR:process_memory_win.cc(73)] ReadMemory at 0x7ffa10150000 of 64 bytes failed: Only part of a ReadProcessMemory or WriteProcessMemory request was completed. (0x12B)
[1215/114222.315:WARNING:pe_image_reader.cc(340)] could not read dos header from C:\WINDOWS\System32\bcryptPrimitives.dll
[1215/114222.315:ERROR:process_memory_win.cc(73)] ReadMemory at 0x7ffa11300000 of 64 bytes failed: Only part of a ReadProcessMemory or WriteProcessMemory request was completed. (0x12B)
[1215/114222.315:WARNING:pe_image_reader.cc(340)] could not read dos header from C:\WINDOWS\System32\ADVAPI32.dll
[1215/114222.315:ERROR:process_memory_win.cc(73)] ReadMemory at 0x7ffa11e10000 of 64 bytes failed: Only part of a ReadProcessMemory or WriteProcessMemory request was completed. (0x12B)
[1215/114222.315:WARNING:pe_image_reader.cc(340)] could not read dos header from C:\WINDOWS\System32\sechost.dll
[1215/114222.315:ERROR:process_memory_win.cc(73)] ReadMemory at 0x7ffa124a0000 of 64 bytes failed: Only part of a ReadProcessMemory or WriteProcessMemory request was completed. (0x12B)
[1215/114222.315:WARNING:pe_image_reader.cc(340)] could not read dos header from C:\WINDOWS\System32\RPCRT4.dll
[1215/114222.315:ERROR:process_memory_win.cc(73)] ReadMemory at 0x7ff9c0330000 of 64 bytes failed: Only part of a ReadProcessMemory or WriteProcessMemory request was completed. (0x12B)
[1215/114222.315:WARNING:pe_image_reader.cc(340)] could not read dos header from C:\Program Files (x86)\Google\Chrome\Application\78.0.3904.108\chrome_child.dll
[1215/114222.315:ERROR:process_memory_win.cc(73)] ReadMemory at 0x2069d300000 of 64 bytes failed: Only part of a ReadProcessMemory or WriteProcessMemory request was completed. (0x12B)
[1215/114222.315:WARNING:pe_image_reader.cc(340)] could not read dos header from C:\WINDOWS\System32\OLEAUT32.dll
[1215/114222.315:ERROR:process_memory_win.cc(73)] ReadMemory at 0x7ffa0fb50000 of 64 bytes failed: Only part of a ReadProcessMemory or WriteProcessMemory request was completed. (0x12B)
[1215/114222.315:WARNING:pe_image_reader.cc(340)] could not read dos header from C:\WINDOWS\System32\msvcp_win.dll
[1215/114222.315:ERROR:process_memory_win.cc(73)] ReadMemory at 0x7ffa10230000 of 64 bytes failed: Only part of a ReadProcessMemory or WriteProcessMemory request was completed. (0x12B)
[1215/114222.315:WARNING:pe_image_reader.cc(340)] could not read dos header from C:\WINDOWS\System32\ucrtbase.dll
[1215/114222.315:ERROR:process_memory_win.cc(73)] ReadMemory at 0x7ffa11630000 of 64 bytes failed: Only part of a ReadProcessMemory or WriteProcessMemory request was completed. (0x12B)
[1215/114222.315:WARNING:pe_image_reader.cc(340)] could not read dos header from C:\WINDOWS\System32\combase.dll
[1215/114222.315:ERROR:process_memory_win.cc(73)] ReadMemory at 0x7ffa12130000 of 64 bytes failed: Only part of a ReadProcessMemory or WriteProcessMemory request was completed. (0x12B)
[1215/114222.315:WARNING:pe_image_reader.cc(340)] could not read dos header from C:\WINDOWS\System32\WS2_32.dll
[1215/114222.315:ERROR:process_memory_win.cc(73)] ReadMemory at 0x7ffa101d0000 of 64 bytes failed: Only part of a ReadProcessMemory or WriteProcessMemory request was completed. (0x12B)
[1215/114222.315:WARNING:pe_image_reader.cc(340)] could not read dos header from C:\WINDOWS\System32\WINTRUST.dll
[1215/114222.315:ERROR:process_memory_win.cc(73)] ReadMemory at 0x7ffa0f900000 of 64 bytes failed: Only part of a ReadProcessMemory or WriteProcessMemory request was completed. (0x12B)
[1215/114222.315:WARNING:pe_image_reader.cc(340)] could not read dos header from C:\WINDOWS\System32\MSASN1.dll
[1215/114222.315:ERROR:process_memory_win.cc(73)] ReadMemory at 0x7ffa0ff50000 of 64 bytes failed: Only part of a ReadProcessMemory or WriteProcessMemory request was completed. (0x12B)
[1215/114222.315:WARNING:pe_image_reader.cc(340)] could not read dos header from C:\WINDOWS\System32\CRYPT32.dll
[1215/114222.316:ERROR:process_memory_win.cc(73)] ReadMemory at 0x7ffa0ee70000 of 64 bytes failed: Only part of a ReadProcessMemory or WriteProcessMemory request was completed. (0x12B)
[1215/114222.316:WARNING:pe_image_reader.cc(340)] could not read dos header from C:\WINDOWS\SYSTEM32\IPHLPAPI.DLL
[1215/114222.316:ERROR:process_memory_win.cc(73)] ReadMemory at 0x7ffa0bf50000 of 64 bytes failed: Only part of a ReadProcessMemory or WriteProcessMemory request was completed. (0x12B)
[1215/114222.316:WARNING:pe_image_reader.cc(340)] could not read dos header from C:\WINDOWS\SYSTEM32\WINMM.dll
[1215/114222.316:ERROR:process_memory_win.cc(73)] ReadMemory at 0x7ffa0f7e0000 of 64 bytes failed: Only part of a ReadProcessMemory or WriteProcessMemory request was completed. (0x12B)
[1215/114222.316:WARNING:pe_image_reader.cc(340)] could not read dos header from C:\WINDOWS\SYSTEM32\USERENV.dll
[1215/114222.316:ERROR:process_memory_win.cc(73)] ReadMemory at 0x7ffa0f920000 of 64 bytes failed: Only part of a ReadProcessMemory or WriteProcessMemory request was completed. (0x12B)
[1215/114222.316:WARNING:pe_image_reader.cc(340)] could not read dos header from C:\WINDOWS\System32\profapi.dll
[1215/114222.316:ERROR:process_memory_win.cc(73)] ReadMemory at 0x7ffa02af0000 of 64 bytes failed: Only part of a ReadProcessMemory or WriteProcessMemory request was completed. (0x12B)
[1215/114222.316:WARNING:pe_image_reader.cc(340)] could not read dos header from C:\WINDOWS\SYSTEM32\DWrite.dll
[1215/114222.316:ERROR:process_memory_win.cc(73)] ReadMemory at 0x7ffa032a0000 of 64 bytes failed: Only part of a ReadProcessMemory or WriteProcessMemory request was completed. (0x12B)
[1215/114222.316:WARNING:pe_image_reader.cc(340)] could not read dos header from C:\WINDOWS\SYSTEM32\WINSPOOL.DRV
[1215/114222.316:ERROR:process_memory_win.cc(73)] ReadMemory at 0x7ffa0f990000 of 64 bytes failed: Only part of a ReadProcessMemory or WriteProcessMemory request was completed. (0x12B)
[1215/114222.316:WARNING:pe_image_reader.cc(340)] could not read dos header from C:\WINDOWS\System32\kernel.appcore.dll
[1215/114222.316:ERROR:process_memory_win.cc(73)] ReadMemory at 0x7ffa0fc70000 of 64 bytes failed: Only part of a ReadProcessMemory or WriteProcessMemory request was completed. (0x12B)
[1215/114222.316:WARNING:pe_image_reader.cc(340)] could not read dos header from C:\WINDOWS\System32\bcrypt.dll
[1215/114222.316:ERROR:process_memory_win.cc(73)] ReadMemory at 0x7ff9fd230000 of 64 bytes failed: Only part of a ReadProcessMemory or WriteProcessMemory request was completed. (0x12B)
[1215/114222.316:WARNING:pe_image_reader.cc(340)] could not read dos header from C:\WINDOWS\SYSTEM32\dbghelp.dll
[1215/114222.316:ERROR:process_memory_win.cc(73)] ReadMemory at 0x7ffa04b30000 of 64 bytes failed: Only part of a ReadProcessMemory or WriteProcessMemory request was completed. (0x12B)
[1215/114222.316:WARNING:pe_image_reader.cc(340)] could not read dos header from C:\WINDOWS\SYSTEM32\Secur32.dll
[1215/114222.316:ERROR:process_memory_win.cc(73)] ReadMemory at 0x7ffa0bb10000 of 64 bytes failed: Only part of a ReadProcessMemory or WriteProcessMemory request was completed. (0x12B)
[1215/114222.316:WARNING:pe_image_reader.cc(340)] could not read dos header from C:\WINDOWS\SYSTEM32\WINHTTP.dll
[1215/114222.316:ERROR:process_memory_win.cc(73)] ReadMemory at 0x7ffa04f10000 of 64 bytes failed: Only part of a ReadProcessMemory or WriteProcessMemory request was completed. (0x12B)
[1215/114222.316:WARNING:pe_image_reader.cc(340)] could not read dos header from C:\WINDOWS\SYSTEM32\dhcpcsvc.DLL
[1215/114222.316:ERROR:process_memory_win.cc(73)] ReadMemory at 0x7ffa12070000 of 64 bytes failed: Only part of a ReadProcessMemory or WriteProcessMemory request was completed. (0x12B)
[1215/114222.316:WARNING:pe_image_reader.cc(340)] could not read dos header from C:\WINDOWS\System32\NSI.dll
[1215/114222.316:ERROR:process_memory_win.cc(73)] ReadMemory at 0x7ffa0bf20000 of 64 bytes failed: Only part of a ReadProcessMemory or WriteProcessMemory request was completed. (0x12B)
[1215/114222.316:WARNING:pe_image_reader.cc(340)] could not read dos header from C:\WINDOWS\SYSTEM32\WINMMBASE.dll
[1215/114222.316:ERROR:process_memory_win.cc(73)] ReadMemory at 0x7ffa0fbf0000 of 64 bytes failed: Only part of a ReadProcessMemory or WriteProcessMemory request was completed. (0x12B)
[1215/114222.316:WARNING:pe_image_reader.cc(340)] could not read dos header from C:\WINDOWS\System32\cfgmgr32.dll
[1215/114222.317:ERROR:process_memory_win.cc(73)] ReadMemory at 0x7ffa0b7a0000 of 64 bytes failed: Only part of a ReadProcessMemory or WriteProcessMemory request was completed. (0x12B)
[1215/114222.317:WARNING:pe_image_reader.cc(340)] could not read dos header from C:\WINDOWS\SYSTEM32\PROPSYS.dll
[1215/114222.317:ERROR:process_memory_win.cc(73)] ReadMemory at 0x7ffa12220000 of 64 bytes failed: Only part of a ReadProcessMemory or WriteProcessMemory request was completed. (0x12B)
[1215/114222.317:WARNING:pe_image_reader.cc(340)] could not read dos header from C:\WINDOWS\System32\shcore.dll
[1215/114222.317:ERROR:process_memory_win.cc(73)] ReadMemory at 0x7ffa0f810000 of 64 bytes failed: Only part of a ReadProcessMemory or WriteProcessMemory request was completed. (0x12B)
[1215/114222.317:WARNING:pe_image_reader.cc(340)] could not read dos header from C:\WINDOWS\SYSTEM32\SSPICLI.DLL
[1215/114222.317:ERROR:process_memory_win.cc(73)] ReadMemory at 0x7ffa0f330000 of 64 bytes failed: Only part of a ReadProcessMemory or WriteProcessMemory request was completed. (0x12B)
[1215/114222.317:WARNING:pe_image_reader.cc(340)] could not read dos header from C:\WINDOWS\SYSTEM32\CRYPTBASE.DLL
[1215/114222.317:ERROR:process_memory_win.cc(73)] ReadMemory at 0x7ff6ceb50000 of 64 bytes failed: Only part of a ReadProcessMemory or WriteProcessMemory request was completed. (0x12B)
[1215/114222.317:WARNING:pe_image_reader.cc(340)] could not read dos header from C:\Program Files (x86)\Google\Chrome\Application\chrome.exe
[1215/114222.317:ERROR:process_memory_win.cc(73)] ReadMemory at 0x7ffa12a20000 of 64 bytes failed: Only part of a ReadProcessMemory or WriteProcessMemory request was completed. (0x12B)
[1215/114222.317:WARNING:pe_image_reader.cc(340)] could not read dos header from C:\WINDOWS\SYSTEM32\ntdll.dll
[1215/114222.317:ERROR:process_memory_win.cc(73)] ReadMemory at 0x7ffa113e0000 of 64 bytes failed: Only part of a ReadProcessMemory or WriteProcessMemory request was completed. (0x12B)
[1215/114222.317:WARNING:pe_image_reader.cc(340)] could not read dos header from C:\WINDOWS\System32\KERNEL32.DLL
[1215/114222.317:ERROR:process_memory_win.cc(73)] ReadMemory at 0x7ffa0fca0000 of 64 bytes failed: Only part of a ReadProcessMemory or WriteProcessMemory request was completed. (0x12B)
[1215/114222.317:WARNING:pe_image_reader.cc(340)] could not read dos header from C:\WINDOWS\System32\KERNELBASE.dll
[1215/114222.317:ERROR:process_memory_win.cc(73)] ReadMemory at 0x7ff9f8d20000 of 64 bytes failed: Only part of a ReadProcessMemory or WriteProcessMemory request was completed. (0x12B)
[1215/114222.317:WARNING:pe_image_reader.cc(340)] could not read dos header from C:\Program Files (x86)\Google\Chrome\Application\78.0.3904.108\chrome_elf.dll
[1215/114222.317:ERROR:process_memory_win.cc(73)] ReadMemory at 0x7ffa0a450000 of 64 bytes failed: Only part of a ReadProcessMemory or WriteProcessMemory request was completed. (0x12B)
[1215/114222.317:WARNING:pe_image_reader.cc(340)] could not read dos header from C:\WINDOWS\SYSTEM32\VERSION.dll
[1215/114222.317:ERROR:process_memory_win.cc(73)] ReadMemory at 0x7ffa11260000 of 64 bytes failed: Only part of a ReadProcessMemory or WriteProcessMemory request was completed. (0x12B)
[1215/114222.317:WARNING:pe_image_reader.cc(340)] could not read dos header from C:\WINDOWS\System32\msvcrt.dll
[1215/114222.317:ERROR:process_memory_win.cc(73)] ReadMemory at 0x7ffa10150000 of 64 bytes failed: Only part of a ReadProcessMemory or WriteProcessMemory request was completed. (0x12B)
[1215/114222.317:WARNING:pe_image_reader.cc(340)] could not read dos header from C:\WINDOWS\System32\bcryptPrimitives.dll
[1215/114222.317:ERROR:process_memory_win.cc(73)] ReadMemory at 0x7ffa11300000 of 64 bytes failed: Only part of a ReadProcessMemory or WriteProcessMemory request was completed. (0x12B)
[1215/114222.317:WARNING:pe_image_reader.cc(340)] could not read dos header from C:\WINDOWS\System32\ADVAPI32.dll
[1215/114222.317:ERROR:process_memory_win.cc(73)] ReadMemory at 0x7ffa11e10000 of 64 bytes failed: Only part of a ReadProcessMemory or WriteProcessMemory request was completed. (0x12B)
[1215/114222.317:WARNING:pe_image_reader.cc(340)] could not read dos header from C:\WINDOWS\System32\sechost.dll
[1215/114222.317:ERROR:process_memory_win.cc(73)] ReadMemory at 0x7ffa124a0000 of 64 bytes failed: Only part of a ReadProcessMemory or WriteProcessMemory request was completed. (0x12B)
[1215/114222.317:WARNING:pe_image_reader.cc(340)] could not read dos header from C:\WINDOWS\System32\RPCRT4.dll
[1215/114222.318:ERROR:process_memory_win.cc(73)] ReadMemory at 0x7ff9c0330000 of 64 bytes failed: Only part of a ReadProcessMemory or WriteProcessMemory request was completed. (0x12B)
[1215/114222.318:WARNING:pe_image_reader.cc(340)] could not read dos header from C:\Program Files (x86)\Google\Chrome\Application\78.0.3904.108\chrome_child.dll
[1215/114222.318:ERROR:process_memory_win.cc(73)] ReadMemory at 0x2069d300000 of 64 bytes failed: Only part of a ReadProcessMemory or WriteProcessMemory request was completed. (0x12B)
[1215/114222.318:WARNING:pe_image_reader.cc(340)] could not read dos header from C:\WINDOWS\System32\OLEAUT32.dll
[1215/114222.318:ERROR:process_memory_win.cc(73)] ReadMemory at 0x7ffa0fb50000 of 64 bytes failed: Only part of a ReadProcessMemory or WriteProcessMemory request was completed. (0x12B)
[1215/114222.318:WARNING:pe_image_reader.cc(340)] could not read dos header from C:\WINDOWS\System32\msvcp_win.dll
[1215/114222.318:ERROR:process_memory_win.cc(73)] ReadMemory at 0x7ffa10230000 of 64 bytes failed: Only part of a ReadProcessMemory or WriteProcessMemory request was completed. (0x12B)
[1215/114222.318:WARNING:pe_image_reader.cc(340)] could not read dos header from C:\WINDOWS\System32\ucrtbase.dll
[1215/114222.318:ERROR:process_memory_win.cc(73)] ReadMemory at 0x7ffa11630000 of 64 bytes failed: Only part of a ReadProcessMemory or WriteProcessMemory request was completed. (0x12B)
[1215/114222.318:WARNING:pe_image_reader.cc(340)] could not read dos header from C:\WINDOWS\System32\combase.dll
[1215/114222.318:ERROR:process_memory_win.cc(73)] ReadMemory at 0x7ffa12130000 of 64 bytes failed: Only part of a ReadProcessMemory or WriteProcessMemory request was completed. (0x12B)
[1215/114222.318:WARNING:pe_image_reader.cc(340)] could not read dos header from C:\WINDOWS\System32\WS2_32.dll
[1215/114222.318:ERROR:process_memory_win.cc(73)] ReadMemory at 0x7ffa101d0000 of 64 bytes failed: Only part of a ReadProcessMemory or WriteProcessMemory request was completed. (0x12B)
[1215/114222.318:WARNING:pe_image_reader.cc(340)] could not read dos header from C:\WINDOWS\System32\WINTRUST.dll
[1215/114222.318:ERROR:process_memory_win.cc(73)] ReadMemory at 0x7ffa0f900000 of 64 bytes failed: Only part of a ReadProcessMemory or WriteProcessMemory request was completed. (0x12B)
[1215/114222.318:WARNING:pe_image_reader.cc(340)] could not read dos header from C:\WINDOWS\System32\MSASN1.dll
[1215/114222.318:ERROR:process_memory_win.cc(73)] ReadMemory at 0x7ffa0ff50000 of 64 bytes failed: Only part of a ReadProcessMemory or WriteProcessMemory request was completed. (0x12B)
[1215/114222.318:WARNING:pe_image_reader.cc(340)] could not read dos header from C:\WINDOWS\System32\CRYPT32.dll
[1215/114222.318:ERROR:process_memory_win.cc(73)] ReadMemory at 0x7ffa0ee70000 of 64 bytes failed: Only part of a ReadProcessMemory or WriteProcessMemory request was completed. (0x12B)
[1215/114222.318:WARNING:pe_image_reader.cc(340)] could not read dos header from C:\WINDOWS\SYSTEM32\IPHLPAPI.DLL
[1215/114222.318:ERROR:process_memory_win.cc(73)] ReadMemory at 0x7ffa0bf50000 of 64 bytes failed: Only part of a ReadProcessMemory or WriteProcessMemory request was completed. (0x12B)
[1215/114222.318:WARNING:pe_image_reader.cc(340)] could not read dos header from C:\WINDOWS\SYSTEM32\WINMM.dll
[1215/114222.318:ERROR:process_memory_win.cc(73)] ReadMemory at 0x7ffa0f7e0000 of 64 bytes failed: Only part of a ReadProcessMemory or WriteProcessMemory request was completed. (0x12B)
[1215/114222.318:WARNING:pe_image_reader.cc(340)] could not read dos header from C:\WINDOWS\SYSTEM32\USERENV.dll
[1215/114222.318:ERROR:process_memory_win.cc(73)] ReadMemory at 0x7ffa0f920000 of 64 bytes failed: Only part of a ReadProcessMemory or WriteProcessMemory request was completed. (0x12B)
[1215/114222.318:WARNING:pe_image_reader.cc(340)] could not read dos header from C:\WINDOWS\System32\profapi.dll
[1215/114222.318:ERROR:process_memory_win.cc(73)] ReadMemory at 0x7ffa02af0000 of 64 bytes failed: Only part of a ReadProcessMemory or WriteProcessMemory request was completed. (0x12B)
[1215/114222.318:WARNING:pe_image_reader.cc(340)] could not read dos header from C:\WINDOWS\SYSTEM32\DWrite.dll
[1215/114222.318:ERROR:process_memory_win.cc(73)] ReadMemory at 0x7ffa032a0000 of 64 bytes failed: Only part of a ReadProcessMemory or WriteProcessMemory request was completed. (0x12B)
[1215/114222.319:WARNING:pe_image_reader.cc(340)] could not read dos header from C:\WINDOWS\SYSTEM32\WINSPOOL.DRV
[1215/114222.319:ERROR:process_memory_win.cc(73)] ReadMemory at 0x7ffa0f990000 of 64 bytes failed: Only part of a ReadProcessMemory or WriteProcessMemory request was completed. (0x12B)
[1215/114222.319:WARNING:pe_image_reader.cc(340)] could not read dos header from C:\WINDOWS\System32\kernel.appcore.dll
[1215/114222.319:ERROR:process_memory_win.cc(73)] ReadMemory at 0x7ffa0fc70000 of 64 bytes failed: Only part of a ReadProcessMemory or WriteProcessMemory request was completed. (0x12B)
[1215/114222.319:WARNING:pe_image_reader.cc(340)] could not read dos header from C:\WINDOWS\System32\bcrypt.dll
[1215/114222.319:ERROR:process_memory_win.cc(73)] ReadMemory at 0x7ff9fd230000 of 64 bytes failed: Only part of a ReadProcessMemory or WriteProcessMemory request was completed. (0x12B)
[1215/114222.319:WARNING:pe_image_reader.cc(340)] could not read dos header from C:\WINDOWS\SYSTEM32\dbghelp.dll
[1215/114222.319:ERROR:process_memory_win.cc(73)] ReadMemory at 0x7ffa04b30000 of 64 bytes failed: Only part of a ReadProcessMemory or WriteProcessMemory request was completed. (0x12B)
[1215/114222.319:WARNING:pe_image_reader.cc(340)] could not read dos header from C:\WINDOWS\SYSTEM32\Secur32.dll
[1215/114222.319:ERROR:process_memory_win.cc(73)] ReadMemory at 0x7ffa0bb10000 of 64 bytes failed: Only part of a ReadProcessMemory or WriteProcessMemory request was completed. (0x12B)
[1215/114222.319:WARNING:pe_image_reader.cc(340)] could not read dos header from C:\WINDOWS\SYSTEM32\WINHTTP.dll
[1215/114222.319:ERROR:process_memory_win.cc(73)] ReadMemory at 0x7ffa04f10000 of 64 bytes failed: Only part of a ReadProcessMemory or WriteProcessMemory request was completed. (0x12B)
[1215/114222.319:WARNING:pe_image_reader.cc(340)] could not read dos header from C:\WINDOWS\SYSTEM32\dhcpcsvc.DLL
[1215/114222.319:ERROR:process_memory_win.cc(73)] ReadMemory at 0x7ffa12070000 of 64 bytes failed: Only part of a ReadProcessMemory or WriteProcessMemory request was completed. (0x12B)
[1215/114222.319:WARNING:pe_image_reader.cc(340)] could not read dos header from C:\WINDOWS\System32\NSI.dll
[1215/114222.319:ERROR:process_memory_win.cc(73)] ReadMemory at 0x7ffa0bf20000 of 64 bytes failed: Only part of a ReadProcessMemory or WriteProcessMemory request was completed. (0x12B)
[1215/114222.319:WARNING:pe_image_reader.cc(340)] could not read dos header from C:\WINDOWS\SYSTEM32\WINMMBASE.dll
[1215/114222.319:ERROR:process_memory_win.cc(73)] ReadMemory at 0x7ffa0fbf0000 of 64 bytes failed: Only part of a ReadProcessMemory or WriteProcessMemory request was completed. (0x12B)
[1215/114222.319:WARNING:pe_image_reader.cc(340)] could not read dos header from C:\WINDOWS\System32\cfgmgr32.dll
[1215/114222.319:ERROR:process_memory_win.cc(73)] ReadMemory at 0x7ffa0b7a0000 of 64 bytes failed: Only part of a ReadProcessMemory or WriteProcessMemory request was completed. (0x12B)
[1215/114222.319:WARNING:pe_image_reader.cc(340)] could not read dos header from C:\WINDOWS\SYSTEM32\PROPSYS.dll
[1215/114222.319:ERROR:process_memory_win.cc(73)] ReadMemory at 0x7ffa12220000 of 64 bytes failed: Only part of a ReadProcessMemory or WriteProcessMemory request was completed. (0x12B)
[1215/114222.319:WARNING:pe_image_reader.cc(340)] could not read dos header from C:\WINDOWS\System32\shcore.dll
[1215/114222.319:ERROR:process_memory_win.cc(73)] ReadMemory at 0x7ffa0f810000 of 64 bytes failed: Only part of a ReadProcessMemory or WriteProcessMemory request was completed. (0x12B)
[1215/114222.319:WARNING:pe_image_reader.cc(340)] could not read dos header from C:\WINDOWS\SYSTEM32\SSPICLI.DLL
[1215/114222.319:ERROR:process_memory_win.cc(73)] ReadMemory at 0x7ffa0f330000 of 64 bytes failed: Only part of a ReadProcessMemory or WriteProcessMemory request was completed. (0x12B)
[1215/114222.319:WARNING:pe_image_reader.cc(340)] could not read dos header from C:\WINDOWS\SYSTEM32\CRYPTBASE.DLL
[1215/114222.695:ERROR:process_memory_win.cc(73)] ReadMemory at 0x2438107000 of 1019904 bytes failed: Only part of a ReadProcessMemory or WriteProcessMemory request was completed. (0x12B)
[1215/114222.738:ERROR:process_memory_win.cc(73)] ReadMemory at 0x24389fd000 of 12288 bytes failed: Only part of a ReadProcessMemory or WriteProcessMemory request was completed. (0x12B)
[1215/114222.739:ERROR:process_memory_win.cc(73)] ReadMemory at 0x24399fc000 of 16384 bytes failed: Only part of a ReadProcessMemory or WriteProcessMemory request was completed. (0x12B)
[1215/114222.739:ERROR:process_memory_win.cc(73)] ReadMemory at 0x243a1fc000 of 16384 bytes failed: Only part of a ReadProcessMemory or WriteProcessMemory request was completed. (0x12B)
[1215/114222.739:ERROR:process_memory_win.cc(73)] ReadMemory at 0x243a9fe000 of 8192 bytes failed: Only part of a ReadProcessMemory or WriteProcessMemory request was completed. (0x12B)
[1215/114222.739:ERROR:process_memory_win.cc(73)] ReadMemory at 0x243b1fd000 of 12288 bytes failed: Only part of a ReadProcessMemory or WriteProcessMemory request was completed. (0x12B)
[1215/114222.739:ERROR:process_memory_win.cc(73)] ReadMemory at 0x243b9fb000 of 20480 bytes failed: Only part of a ReadProcessMemory or WriteProcessMemory request was completed. (0x12B)
[1215/114222.739:ERROR:process_memory_win.cc(73)] ReadMemory at 0x243c9f5000 of 45056 bytes failed: Only part of a ReadProcessMemory or WriteProcessMemory request was completed. (0x12B)
[1215/114222.740:ERROR:process_memory_win.cc(73)] ReadMemory at 0x243d1f5000 of 45056 bytes failed: Only part of a ReadProcessMemory or WriteProcessMemory request was completed. (0x12B)
[1215/114222.740:ERROR:process_memory_win.cc(73)] ReadMemory at 0x243d9fd000 of 12288 bytes failed: Only part of a ReadProcessMemory or WriteProcessMemory request was completed. (0x12B)
[1215/114222.740:ERROR:process_memory_win.cc(73)] ReadMemory at 0x24401fb000 of 20480 bytes failed: Only part of a ReadProcessMemory or WriteProcessMemory request was completed. (0x12B)
[1215/114222.740:ERROR:process_memory_win.cc(73)] ReadMemory at 0x24409fb000 of 20480 bytes failed: Only part of a ReadProcessMemory or WriteProcessMemory request was completed. (0x12B)
[1215/114222.741:ERROR:process_memory_win.cc(73)] ReadMemory at 0x243f9fd000 of 12288 bytes failed: Only part of a ReadProcessMemory or WriteProcessMemory request was completed. (0x12B)
[1215/114222.741:ERROR:process_memory_win.cc(73)] ReadMemory at 0x24391fc000 of 16384 bytes failed: Only part of a ReadProcessMemory or WriteProcessMemory request was completed. (0x12B)
[1215/114222.741:ERROR:process_memory_win.cc(73)] ReadMemory at 0x243c1fd000 of 12288 bytes failed: Only part of a ReadProcessMemory or WriteProcessMemory request was completed. (0x12B)
[1215/114222.741:ERROR:process_memory_win.cc(73)] ReadMemory at 0x243e1fe000 of 8192 bytes failed: Only part of a ReadProcessMemory or WriteProcessMemory request was completed. (0x12B)
[1215/114222.785:ERROR:process_memory_win.cc(73)] ReadMemory at 0x2437844000 of 852 bytes failed: Only part of a ReadProcessMemory or WriteProcessMemory request was completed. (0x12B)
[1215/114222.785:ERROR:process_memory_win.cc(73)] ReadMemory at 0x2437845000 of 6024 bytes failed: Only part of a ReadProcessMemory or WriteProcessMemory request was completed. (0x12B)
[1215/114222.785:ERROR:process_memory_win.cc(73)] ReadMemory at 0x2437847000 of 6024 bytes failed: Only part of a ReadProcessMemory or WriteProcessMemory request was completed. (0x12B)
[1215/114222.785:ERROR:process_memory_win.cc(73)] ReadMemory at 0x243784b000 of 6024 bytes failed: Only part of a ReadProcessMemory or WriteProcessMemory request was completed. (0x12B)
[1215/114222.785:ERROR:process_memory_win.cc(73)] ReadMemory at 0x243784d000 of 6024 bytes failed: Only part of a ReadProcessMemory or WriteProcessMemory request was completed. (0x12B)
[1215/114222.785:ERROR:process_memory_win.cc(73)] ReadMemory at 0x243784f000 of 6024 bytes failed: Only part of a ReadProcessMemory or WriteProcessMemory request was completed. (0x12B)
[1215/114222.786:ERROR:process_memory_win.cc(73)] ReadMemory at 0x2437851000 of 6024 bytes failed: Only part of a ReadProcessMemory or WriteProcessMemory request was completed. (0x12B)
[1215/114222.786:ERROR:process_memory_win.cc(73)] ReadMemory at 0x2437853000 of 6024 bytes failed: Only part of a ReadProcessMemory or WriteProcessMemory request was completed. (0x12B)
[1215/114222.786:ERROR:process_memory_win.cc(73)] ReadMemory at 0x2437857000 of 6024 bytes failed: Only part of a ReadProcessMemory or WriteProcessMemory request was completed. (0x12B)
[1215/114222.786:ERROR:process_memory_win.cc(73)] ReadMemory at 0x2437859000 of 6024 bytes failed: Only part of a ReadProcessMemory or WriteProcessMemory request was completed. (0x12B)
[1215/114222.786:ERROR:process_memory_win.cc(73)] ReadMemory at 0x243785b000 of 6024 bytes failed: Only part of a ReadProcessMemory or WriteProcessMemory request was completed. (0x12B)
[1215/114222.786:ERROR:process_memory_win.cc(73)] ReadMemory at 0x2437867000 of 6024 bytes failed: Only part of a ReadProcessMemory or WriteProcessMemory request was completed. (0x12B)
[1215/114222.786:ERROR:process_memory_win.cc(73)] ReadMemory at 0x2437869000 of 6024 bytes failed: Only part of a ReadProcessMemory or WriteProcessMemory request was completed. (0x12B)
[1215/114222.786:ERROR:process_memory_win.cc(73)] ReadMemory at 0x243786f000 of 6024 bytes failed: Only part of a ReadProcessMemory or WriteProcessMemory request was completed. (0x12B)
[1215/114222.786:ERROR:process_memory_win.cc(73)] ReadMemory at 0x24378cb000 of 6024 bytes failed: Only part of a ReadProcessMemory or WriteProcessMemory request was completed. (0x12B)
[1215/114222.786:ERROR:process_memory_win.cc(73)] ReadMemory at 0x24378e7000 of 6024 bytes failed: Only part of a ReadProcessMemory or WriteProcessMemory request was completed. (0x12B)
[1215/114222.786:ERROR:process_memory_win.cc(73)] ReadMemory at 0x24378e9000 of 6024 bytes failed: Only part of a ReadProcessMemory or WriteProcessMemory request was completed. (0x12B)
[1215/114222.828:ERROR:process_memory_win.cc(73)] ReadMemory at 0x2069d0719c0 of 705 bytes failed: Only part of a ReadProcessMemory or WriteProcessMemory request was completed. (0x12B)
[1215/114222.828:ERROR:process_memory_win.cc(73)] ReadMemory at 0x2069d090750 of 80 bytes failed: Only part of a ReadProcessMemory or WriteProcessMemory request was completed. (0x12B)
[1215/114222.828:ERROR:process_memory_win.cc(73)] ReadMemory at 0x2069d090fe0 of 16646 bytes failed: Only part of a ReadProcessMemory or WriteProcessMemory request was completed. (0x12B)
[1215/114222.829:ERROR:process_memory_win.cc(73)] ReadMemory at 0x2069d0950f0 of 1012 bytes failed: Only part of a ReadProcessMemory or WriteProcessMemory request was completed. (0x12B)
[1215/114222.829:ERROR:process_memory_win.cc(73)] ReadMemory at 0x2069d095738 of 118 bytes failed: Only part of a ReadProcessMemory or WriteProcessMemory request was completed. (0x12B)
[1215/114222.829:ERROR:process_memory_win.cc(73)] ReadMemory at 0x2069d0957b0 of 862 bytes failed: Only part of a ReadProcessMemory or WriteProcessMemory request was completed. (0x12B)
[1215/114222.829:ERROR:process_memory_win.cc(73)] ReadMemory at 0x2069d095b10 of 118 bytes failed: Only part of a ReadProcessMemory or WriteProcessMemory request was completed. (0x12B)
[1215/114222.868:ERROR:process_memory_win.cc(73)] ReadMemory at 0x2069d095b88 of 96 bytes failed: Only part of a ReadProcessMemory or WriteProcessMemory request was completed. (0x12B)
[1215/114223.047:ERROR:process_memory_win.cc(73)] ReadMemory at 0x2069d095c00 of 58 bytes failed: Only part of a ReadProcessMemory or WriteProcessMemory request was completed. (0x12B)
[1215/114223.086:ERROR:process_memory_win.cc(73)] ReadMemory at 0x2069d095d00 of 132 bytes failed: Only part of a ReadProcessMemory or WriteProcessMemory request was completed. (0x12B)
[1215/114223.086:ERROR:process_memory_win.cc(73)] ReadMemory at 0x2069d095e90 of 132 bytes failed: Only part of a ReadProcessMemory or WriteProcessMemory request was completed. (0x12B)
[1215/114223.132:ERROR:process_memory_win.cc(73)] ReadMemory at 0x2069d096050 of 126 bytes failed: Only part of a ReadProcessMemory or WriteProcessMemory request was completed. (0x12B)
[1215/114223.133:ERROR:process_memory_win.cc(73)] ReadMemory at 0x2069d096430 of 132 bytes failed: Only part of a ReadProcessMemory or WriteProcessMemory request was completed. (0x12B)
[1215/114223.133:ERROR:process_memory_win.cc(73)] ReadMemory at 0x2069d0965c0 of 64 bytes failed: Only part of a ReadProcessMemory or WriteProcessMemory request was completed. (0x12B)
[1215/114223.133:ERROR:process_memory_win.cc(73)] ReadMemory at 0x2069d096610 of 132 bytes failed: Only part of a ReadProcessMemory or WriteProcessMemory request was completed. (0x12B)
[1215/114223.133:ERROR:process_memory_win.cc(73)] ReadMemory at 0x2069d096780 of 132 bytes failed: Only part of a ReadProcessMemory or WriteProcessMemory request was completed. (0x12B)
[1215/114223.133:ERROR:process_memory_win.cc(73)] ReadMemory at 0x2069d096a20 of 132 bytes failed: Only part of a ReadProcessMemory or WriteProcessMemory request was completed. (0x12B)
[1215/114223.133:ERROR:process_memory_win.cc(73)] ReadMemory at 0x2069d096bb0 of 68 bytes failed: Only part of a ReadProcessMemory or WriteProcessMemory request was completed. (0x12B)
[1215/114223.177:ERROR:process_memory_win.cc(73)] ReadMemory at 0x2069d097cb0 of 132 bytes failed: Only part of a ReadProcessMemory or WriteProcessMemory request was completed. (0x12B)
[1215/114223.177:ERROR:process_memory_win.cc(73)] ReadMemory at 0x2069d097e40 of 154 bytes failed: Only part of a ReadProcessMemory or WriteProcessMemory request was completed. (0x12B)
[1215/114223.205:ERROR:process_memory_win.cc(73)] ReadMemory at 0x2069d098b80 of 132 bytes failed: Only part of a ReadProcessMemory or WriteProcessMemory request was completed. (0x12B)
[1215/114223.205:ERROR:process_memory_win.cc(73)] ReadMemory at 0x2069d098d10 of 60 bytes failed: Only part of a ReadProcessMemory or WriteProcessMemory request was completed. (0x12B)
[1215/114223.205:ERROR:process_memory_win.cc(73)] ReadMemory at 0x2069d099e40 of 62 bytes failed: Only part of a ReadProcessMemory or WriteProcessMemory request was completed. (0x12B)
[1215/114223.205:ERROR:process_memory_win.cc(73)] ReadMemory at 0x2069d09a250 of 132 bytes failed: Only part of a ReadProcessMemory or WriteProcessMemory request was completed. (0x12B)
[1215/114223.205:ERROR:process_memory_win.cc(73)] ReadMemory at 0x2069d09ac80 of 132 bytes failed: Only part of a ReadProcessMemory or WriteProcessMemory request was completed. (0x12B)
[1215/114223.206:ERROR:process_memory_win.cc(73)] ReadMemory at 0x2069d09d2d0 of 132 bytes failed: Only part of a ReadProcessMemory or WriteProcessMemory request was completed. (0x12B)
[1215/114223.206:ERROR:process_memory_win.cc(73)] ReadMemory at 0x2069d09d400 of 132 bytes failed: Only part of a ReadProcessMemory or WriteProcessMemory request was completed. (0x12B)
[1215/114223.206:ERROR:process_memory_win.cc(73)] ReadMemory at 0x2069d09d530 of 132 bytes failed: Only part of a ReadProcessMemory or WriteProcessMemory request was completed. (0x12B)
[1215/114223.206:ERROR:process_memory_win.cc(73)] ReadMemory at 0x2069d09dbd0 of 60 bytes failed: Only part of a ReadProcessMemory or WriteProcessMemory request was completed. (0x12B)
[1215/114223.206:ERROR:process_memory_win.cc(73)] ReadMemory at 0x2069d09dc20 of 64 bytes failed: Only part of a ReadProcessMemory or WriteProcessMemory request was completed. (0x12B)
[1215/114223.206:ERROR:process_memory_win.cc(73)] ReadMemory at 0x2069d09dcc0 of 64 bytes failed: Only part of a ReadProcessMemory or WriteProcessMemory request was completed. (0x12B)
[1215/114223.206:ERROR:process_memory_win.cc(73)] ReadMemory at 0x2069d09dd60 of 62 bytes failed: Only part of a ReadProcessMemory or WriteProcessMemory request was completed. (0x12B)
[1215/114223.206:ERROR:process_memory_win.cc(73)] ReadMemory at 0x2069d09de50 of 64 bytes failed: Only part of a ReadProcessMemory or WriteProcessMemory request was completed. (0x12B)
[1215/114223.206:ERROR:process_memory_win.cc(73)] ReadMemory at 0x2069d09dea0 of 66 bytes failed: Only part of a ReadProcessMemory or WriteProcessMemory request was completed. (0x12B)
[1215/114223.206:ERROR:process_memory_win.cc(73)] ReadMemory at 0x2069d09def0 of 60 bytes failed: Only part of a ReadProcessMemory or WriteProcessMemory request was completed. (0x12B)
[1215/114223.227:ERROR:process_memory_win.cc(73)] ReadMemory at 0x2069d09e030 of 64 bytes failed: Only part of a ReadProcessMemory or WriteProcessMemory request was completed. (0x12B)
[1215/114223.227:ERROR:process_memory_win.cc(73)] ReadMemory at 0x2069d09e170 of 62 bytes failed: Only part of a ReadProcessMemory or WriteProcessMemory request was completed. (0x12B)
[1215/114223.227:ERROR:process_memory_win.cc(73)] ReadMemory at 0x2069d09e390 of 132 bytes failed: Only part of a ReadProcessMemory or WriteProcessMemory request was completed. (0x12B)
[1215/114223.227:ERROR:process_memory_win.cc(73)] ReadMemory at 0x2069d09e4c0 of 132 bytes failed: Only part of a ReadProcessMemory or WriteProcessMemory request was completed. (0x12B)
[1215/114223.227:ERROR:process_memory_win.cc(73)] ReadMemory at 0x2069d09e5f0 of 132 bytes failed: Only part of a ReadProcessMemory or WriteProcessMemory request was completed. (0x12B)
[1215/114223.227:ERROR:process_memory_win.cc(73)] ReadMemory at 0x2069d09e720 of 132 bytes failed: Only part of a ReadProcessMemory or WriteProcessMemory request was completed. (0x12B)
[1215/114223.227:ERROR:process_memory_win.cc(73)] ReadMemory at 0x2069d09e850 of 132 bytes failed: Only part of a ReadProcessMemory or WriteProcessMemory request was completed. (0x12B)
[1215/114223.227:ERROR:process_memory_win.cc(73)] ReadMemory at 0x2069d09e980 of 132 bytes failed: Only part of a ReadProcessMemory or WriteProcessMemory request was completed. (0x12B)
[1215/114223.227:ERROR:process_memory_win.cc(73)] ReadMemory at 0x2069d09eab0 of 132 bytes failed: Only part of a ReadProcessMemory or WriteProcessMemory request was completed. (0x12B)
[1215/114223.227:ERROR:process_memory_win.cc(73)] ReadMemory at 0x2069d09ebe0 of 132 bytes failed: Only part of a ReadProcessMemory or WriteProcessMemory request was completed. (0x12B)
[1215/114223.227:ERROR:process_memory_win.cc(73)] ReadMemory at 0x2069d09ed10 of 132 bytes failed: Only part of a ReadProcessMemory or WriteProcessMemory request was completed. (0x12B)
[1215/114223.227:ERROR:process_memory_win.cc(73)] ReadMemory at 0x2069d09ef70 of 132 bytes failed: Only part of a ReadProcessMemory or WriteProcessMemory request was completed. (0x12B)
[1215/114223.227:ERROR:process_memory_win.cc(73)] ReadMemory at 0x2069d09f0a0 of 132 bytes failed: Only part of a ReadProcessMemory or WriteProcessMemory request was completed. (0x12B)
[1215/114223.227:ERROR:process_memory_win.cc(73)] ReadMemory at 0x2069d09f1d0 of 132 bytes failed: Only part of a ReadProcessMemory or WriteProcessMemory request was completed. (0x12B)
[1215/114223.227:ERROR:process_memory_win.cc(73)] ReadMemory at 0x2069d0a1500 of 54 bytes failed: Only part of a ReadProcessMemory or WriteProcessMemory request was completed. (0x12B)
[1215/114223.227:ERROR:process_memory_win.cc(73)] ReadMemory at 0x2069d0a24e0 of 132 bytes failed: Only part of a ReadProcessMemory or WriteProcessMemory request was completed. (0x12B)
[1215/114223.227:ERROR:process_memory_win.cc(73)] ReadMemory at 0x2069d0a2610 of 132 bytes failed: Only part of a ReadProcessMemory or WriteProcessMemory request was completed. (0x12B)
[1215/114223.227:ERROR:process_memory_win.cc(73)] ReadMemory at 0x2069d0a2820 of 132 bytes failed: Only part of a ReadProcessMemory or WriteProcessMemory request was completed. (0x12B)
[1215/114223.347:ERROR:process_memory_win.cc(73)] ReadMemory at 0x2069d0a5050 of 76 bytes failed: Only part of a ReadProcessMemory or WriteProcessMemory request was completed. (0x12B)
[1215/114223.347:ERROR:process_memory_win.cc(73)] ReadMemory at 0x2069d0a55e0 of 62 bytes failed: Only part of a ReadProcessMemory or WriteProcessMemory request was completed. (0x12B)
[1215/114223.347:ERROR:process_memory_win.cc(73)] ReadMemory at 0x2069d0a5630 of 62 bytes failed: Only part of a ReadProcessMemory or WriteProcessMemory request was completed. (0x12B)
[1215/114223.347:ERROR:process_memory_win.cc(73)] ReadMemory at 0x2069d0a5680 of 62 bytes failed: Only part of a ReadProcessMemory or WriteProcessMemory request was completed. (0x12B)
[1215/114223.347:ERROR:process_memory_win.cc(73)] ReadMemory at 0x2069d0a5770 of 60 bytes failed: Only part of a ReadProcessMemory or WriteProcessMemory request was completed. (0x12B)
[1215/114223.347:ERROR:process_memory_win.cc(73)] ReadMemory at 0x2069d0a5810 of 58 bytes failed: Only part of a ReadProcessMemory or WriteProcessMemory request was completed. (0x12B)
[1215/114223.347:ERROR:process_memory_win.cc(73)] ReadMemory at 0x2069d0a5900 of 60 bytes failed: Only part of a ReadProcessMemory or WriteProcessMemory request was completed. (0x12B)
[1215/114223.347:ERROR:process_memory_win.cc(73)] ReadMemory at 0x2069d0a5950 of 64 bytes failed: Only part of a ReadProcessMemory or WriteProcessMemory request was completed. (0x12B)
[1215/114223.472:ERROR:process_memory_win.cc(73)] ReadMemory at 0x2069d0a59f0 of 62 bytes failed: Only part of a ReadProcessMemory or WriteProcessMemory request was completed. (0x12B)
[1215/114223.472:ERROR:process_memory_win.cc(73)] ReadMemory at 0x2069d0a5a40 of 64 bytes failed: Only part of a ReadProcessMemory or WriteProcessMemory request was completed. (0x12B)
[1215/114223.473:ERROR:process_memory_win.cc(73)] ReadMemory at 0x2069d0a5c20 of 64 bytes failed: Only part of a ReadProcessMemory or WriteProcessMemory request was completed. (0x12B)
[1215/114223.473:ERROR:process_memory_win.cc(73)] ReadMemory at 0x2069d0a5d60 of 62 bytes failed: Only part of a ReadProcessMemory or WriteProcessMemory request was completed. (0x12B)
[1215/114223.473:ERROR:process_memory_win.cc(73)] ReadMemory at 0x2069d0a5fe0 of 60 bytes failed: Only part of a ReadProcessMemory or WriteProcessMemory request was completed. (0x12B)
[1215/114223.506:ERROR:process_memory_win.cc(73)] ReadMemory at 0x2069d0a6030 of 62 bytes failed: Only part of a ReadProcessMemory or WriteProcessMemory request was completed. (0x12B)
[1215/114223.506:ERROR:process_memory_win.cc(73)] ReadMemory at 0x2069d0a6170 of 62 bytes failed: Only part of a ReadProcessMemory or WriteProcessMemory request was completed. (0x12B)
[1215/114223.506:ERROR:process_memory_win.cc(73)] ReadMemory at 0x2069d0a61c0 of 64 bytes failed: Only part of a ReadProcessMemory or WriteProcessMemory request was completed. (0x12B)
[1215/114223.506:ERROR:process_memory_win.cc(73)] ReadMemory at 0x2069d0a6300 of 60 bytes failed: Only part of a ReadProcessMemory or WriteProcessMemory request was completed. (0x12B)
[1215/114223.506:ERROR:process_memory_win.cc(73)] ReadMemory at 0x2069d0a63a0 of 62 bytes failed: Only part of a ReadProcessMemory or WriteProcessMemory request was completed. (0x12B)
[1215/114223.506:ERROR:process_memory_win.cc(73)] ReadMemory at 0x2069d0a63f0 of 66 bytes failed: Only part of a ReadProcessMemory or WriteProcessMemory request was completed. (0x12B)
[1215/114223.506:ERROR:process_memory_win.cc(73)] ReadMemory at 0x2069d0a8b50 of 132 bytes failed: Only part of a ReadProcessMemory or WriteProcessMemory request was completed. (0x12B)
[1215/114223.506:ERROR:process_memory_win.cc(73)] ReadMemory at 0x2069d0aaf00 of 158 bytes failed: Only part of a ReadProcessMemory or WriteProcessMemory request was completed. (0x12B)
[1215/114223.506:ERROR:process_memory_win.cc(73)] ReadMemory at 0x2069d0abb60 of 132 bytes failed: Only part of a ReadProcessMemory or WriteProcessMemory request was completed. (0x12B)
[1215/114223.506:ERROR:process_memory_win.cc(73)] ReadMemory at 0x2069d0abdc0 of 132 bytes failed: Only part of a ReadProcessMemory or WriteProcessMemory request was completed. (0x12B)
[1215/114223.506:ERROR:process_memory_win.cc(73)] ReadMemory at 0x2069d0abef0 of 132 bytes failed: Only part of a ReadProcessMemory or WriteProcessMemory request was completed. (0x12B)
[1215/114223.506:ERROR:process_memory_win.cc(73)] ReadMemory at 0x2069d0ac870 of 132 bytes failed: Only part of a ReadProcessMemory or WriteProcessMemory request was completed. (0x12B)
[1215/114223.526:ERROR:process_memory_win.cc(73)] ReadMemory at 0x2069d0acad0 of 132 bytes failed: Only part of a ReadProcessMemory or WriteProcessMemory request was completed. (0x12B)
[1215/114223.526:ERROR:process_memory_win.cc(73)] ReadMemory at 0x2069d0acc00 of 132 bytes failed: Only part of a ReadProcessMemory or WriteProcessMemory request was completed. (0x12B)
[1215/114223.526:ERROR:process_memory_win.cc(73)] ReadMemory at 0x2069d0ad1f0 of 132 bytes failed: Only part of a ReadProcessMemory or WriteProcessMemory request was completed. (0x12B)
[1215/114223.526:ERROR:process_memory_win.cc(73)] ReadMemory at 0x2069d0ad450 of 132 bytes failed: Only part of a ReadProcessMemory or WriteProcessMemory request was completed. (0x12B)
[1215/114223.526:ERROR:process_memory_win.cc(73)] ReadMemory at 0x2069d0ad910 of 132 bytes failed: Only part of a ReadProcessMemory or WriteProcessMemory request was completed. (0x12B)
[1215/114223.526:ERROR:process_memory_win.cc(73)] ReadMemory at 0x2069d0c2210 of 512 bytes failed: Only part of a ReadProcessMemory or WriteProcessMemory request was completed. (0x12B)
[1215/114223.527:ERROR:process_memory_win.cc(73)] ReadMemory at 0x2069d0c2b90 of 512 bytes failed: Only part of a ReadProcessMemory or WriteProcessMemory request was completed. (0x12B)
[1215/114223.527:ERROR:process_memory_win.cc(73)] ReadMemory at 0x2069d4eb0f0 of 512 bytes failed: Only part of a ReadProcessMemory or WriteProcessMemory request was completed. (0x12B)
[1215/114223.527:ERROR:process_memory_win.cc(73)] ReadMemory at 0x2069d4f7620 of 512 bytes failed: Only part of a ReadProcessMemory or WriteProcessMemory request was completed. (0x12B)
[1215/114223.527:ERROR:process_memory_win.cc(73)] ReadMemory at 0x2069d51fdf0 of 712 bytes failed: Only part of a ReadProcessMemory or WriteProcessMemory request was completed. (0x12B)
[1215/114223.527:ERROR:process_memory_win.cc(73)] ReadMemory at 0x2069d523ce8 of 512 bytes failed: Only part of a ReadProcessMemory or WriteProcessMemory request was completed. (0x12B)
[1215/114223.527:ERROR:process_memory_win.cc(73)] ReadMemory at 0x2069d55ff78 of 512 bytes failed: Only part of a ReadProcessMemory or WriteProcessMemory request was completed. (0x12B)
[1215/114223.527:ERROR:process_memory_win.cc(73)] ReadMemory at 0x2069d560878 of 512 bytes failed: Only part of a ReadProcessMemory or WriteProcessMemory request was completed. (0x12B)
[1215/114223.527:ERROR:process_memory_win.cc(73)] ReadMemory at 0x2069d560f38 of 512 bytes failed: Only part of a ReadProcessMemory or WriteProcessMemory request was completed. (0x12B)
[1215/114223.527:ERROR:process_memory_win.cc(73)] ReadMemory at 0x2069d58bf60 of 512 bytes failed: Only part of a ReadProcessMemory or WriteProcessMemory request was completed. (0x12B)
[1215/114223.585:ERROR:process_memory_win.cc(73)] ReadMemory at 0x2069f278040 of 512 bytes failed: Only part of a ReadProcessMemory or WriteProcessMemory request was completed. (0x12B)
[1215/114223.672:ERROR:process_memory_win.cc(73)] ReadMemory at 0x2069f2aeae0 of 512 bytes failed: Only part of a ReadProcessMemory or WriteProcessMemory request was completed. (0x12B)
[1215/114223.672:ERROR:process_memory_win.cc(73)] ReadMemory at 0x2069f859ec0 of 840 bytes failed: Only part of a ReadProcessMemory or WriteProcessMemory request was completed. (0x12B)
[1215/114223.672:ERROR:process_memory_win.cc(73)] ReadMemory at 0x206a200e498 of 512 bytes failed: Only part of a ReadProcessMemory or WriteProcessMemory request was completed. (0x12B)
[1215/114223.758:ERROR:process_memory_win.cc(73)] ReadMemory at 0x206a23c0778 of 512 bytes failed: Only part of a ReadProcessMemory or WriteProcessMemory request was completed. (0x12B)
[1215/114223.758:ERROR:process_memory_win.cc(73)] ReadMemory at 0x206a2af6730 of 512 bytes failed: Only part of a ReadProcessMemory or WriteProcessMemory request was completed. (0x12B)
[1215/114223.758:ERROR:process_memory_win.cc(73)] ReadMemory at 0x206a2af7e70 of 512 bytes failed: Only part of a ReadProcessMemory or WriteProcessMemory request was completed. (0x12B)
[1215/114223.758:ERROR:process_memory_win.cc(73)] ReadMemory at 0x206a3a77780 of 512 bytes failed: Only part of a ReadProcessMemory or WriteProcessMemory request was completed. (0x12B)
[1215/114223.758:ERROR:process_memory_win.cc(73)] ReadMemory at 0x672846451b9 of 512 bytes failed: Only part of a ReadProcessMemory or WriteProcessMemory request was completed. (0x12B)
[1215/114223.758:ERROR:process_memory_win.cc(73)] ReadMemory at 0x2822e9dfac11 of 512 bytes failed: Only part of a ReadProcessMemory or WriteProcessMemory request was completed. (0x12B)
[1215/114223.758:ERROR:process_memory_win.cc(73)] ReadMemory at 0x38259e5403c1 of 624 bytes failed: Only part of a ReadProcessMemory or WriteProcessMemory request was completed. (0x12B)
[1215/114223.759:ERROR:process_memory_win.cc(73)] ReadMemory at 0x3bac9c82f789 of 512 bytes failed: Only part of a ReadProcessMemory or WriteProcessMemory request was completed. (0x12B)
[1215/114223.759:ERROR:process_memory_win.cc(73)] ReadMemory at 0x7d1cdc7f4919 of 512 bytes failed: Only part of a ReadProcessMemory or WriteProcessMemory request was completed. (0x12B)
[1215/114223.759:ERROR:process_memory_win.cc(73)] ReadMemory at 0x7ff9c11c2b80 of 566 bytes failed: Only part of a ReadProcessMemory or WriteProcessMemory request was completed. (0x12B)
[1215/114223.759:ERROR:process_memory_win.cc(73)] ReadMemory at 0x7ff9c1dbc62c of 512 bytes failed: Only part of a ReadProcessMemory or WriteProcessMemory request was completed. (0x12B)
[1215/114223.808:ERROR:process_memory_win.cc(73)] ReadMemory at 0x7ff9c496c9e8 of 512 bytes failed: Only part of a ReadProcessMemory or WriteProcessMemory request was completed. (0x12B)
[1215/114223.808:ERROR:process_memory_win.cc(73)] ReadMemory at 0x7ff9f8d47dc5 of 512 bytes failed: Only part of a ReadProcessMemory or WriteProcessMemory request was completed. (0x12B)
[1215/114223.809:ERROR:process_memory_win.cc(73)] ReadMemory at 0x7ff9f8d485be of 512 bytes failed: Only part of a ReadProcessMemory or WriteProcessMemory request was completed. (0x12B)
[1215/114223.809:ERROR:process_memory_win.cc(73)] ReadMemory at 0x7ffa12abc0c4 of 672 bytes failed: Only part of a ReadProcessMemory or WriteProcessMemory request was completed. (0x12B)
[1215/114223.809:ERROR:process_memory_win.cc(73)] ReadMemory at 0x7ffa12abf974 of 608 bytes failed: Only part of a ReadProcessMemory or WriteProcessMemory request was completed. (0x12B)
[1215/114223.809:ERROR:process_memory_win.cc(73)] ReadMemory at 0x7ffa12b4c428 of 18 bytes failed: Only part of a ReadProcessMemory or WriteProcessMemory request was completed. (0x12B)
[1215/114223.809:ERROR:process_memory_win.cc(73)] ReadMemory at 0x7ffa12b7f4f8 of 40 bytes failed: Only part of a ReadProcessMemory or WriteProcessMemory request was completed. (0x12B)
[1215/114223.809:ERROR:process_memory_win.cc(73)] ReadMemory at 0x7ffa12b7f978 of 48 bytes failed: Only part of a ReadProcessMemory or WriteProcessMemory request was completed. (0x12B)
[1215/114223.809:ERROR:process_memory_win.cc(73)] ReadMemory at 0x7ffa12b853c0 of 64 bytes failed: Only part of a ReadProcessMemory or WriteProcessMemory request was completed. (0x12B)
[1215/114223.833:ERROR:scoped_process_suspend.cc(40)] NtResumeProcess: An attempt was made to access an exiting process. (0xc000010a)
